<?xml version="1.0" encoding="UTF-8"?>
<!-- Generated by org.testng.reporters.JUnitReportReporter -->
<testsuite hostname="Amar" name="com.upgrad.testcases.MovieListTest" tests="1" failures="0" timestamp="2 Aug 2016 10:00:31 GMT" time="113.160" errors="0">
  <testcase name="TestMovieList" time="113.160" classname="com.upgrad.testcases.MovieListTest"/>
</testsuite> <!-- com.upgrad.testcases.MovieListTest -->
