<?xml version="1.0" encoding="UTF-8"?>
<!-- Generated by org.testng.reporters.JUnitReportReporter -->
<testsuite hostname="Amar" name="com.upgrad.testcases.MovieListTest" tests="1" failures="0" timestamp="2 Aug 2016 19:56:38 GMT" time="26.537" errors="0">
  <testcase name="TestMovieList" time="26.537" classname="com.upgrad.testcases.MovieListTest"/>
</testsuite> <!-- com.upgrad.testcases.MovieListTest -->
