<?xml version="1.0" encoding="UTF-8"?>
<!-- Generated by org.testng.reporters.JUnitReportReporter -->
<testsuite hostname="Amar" name="com.upgrad.testcases.MovieListTest" tests="1" failures="0" timestamp="2 Aug 2016 15:07:01 GMT" time="77.631" errors="0">
  <testcase name="TestMovieList" time="77.631" classname="com.upgrad.testcases.MovieListTest"/>
</testsuite> <!-- com.upgrad.testcases.MovieListTest -->
