<?xml version="1.0" encoding="UTF-8"?>
<!-- Generated by org.testng.reporters.JUnitReportReporter -->
<testsuite hostname="Amar" name="com.upgrad.testcases.MovieListTest" tests="1" failures="0" timestamp="3 Aug 2016 09:14:15 GMT" time="127.656" errors="0">
  <testcase name="TestMovieList" time="127.656" classname="com.upgrad.testcases.MovieListTest"/>
</testsuite> <!-- com.upgrad.testcases.MovieListTest -->
