<?xml version="1.0" encoding="UTF-8"?>
<!-- Generated by org.testng.reporters.JUnitReportReporter -->
<testsuite hostname="Amar" name="com.upgrad.utilities.TestAuto" tests="1" failures="0" timestamp="3 Aug 2016 08:25:00 GMT" time="67.046" errors="0">
  <testcase name="imdbAuto" time="67.046" classname="com.upgrad.utilities.TestAuto"/>
</testsuite> <!-- com.upgrad.utilities.TestAuto -->
