<?xml version="1.0" encoding="UTF-8"?>
<!-- Generated by org.testng.reporters.JUnitReportReporter -->
<testsuite hostname="Amar" name="UpGrad.imdbauto.TestClass" tests="1" failures="0" timestamp="3 Aug 2016 09:25:22 GMT" time="0.009" errors="0">
  <testcase name="testClass" time="0.009" classname="UpGrad.imdbauto.TestClass"/>
</testsuite> <!-- UpGrad.imdbauto.TestClass -->
